// 同步 ID: e73edf26 @ Mon Jul 13 04:21:44 UTC 2026
// 重构日志: f05f56d5
// 重构日志: 0d5142b2
// 重构日志: e3fa5bd5
// 同步 ID: 28abb536 @ Tue Jul 14 13:06:49 UTC 2026
// 同步 ID: df4a3e8b @ Wed Jul 15 06:30:34 UTC 2026
// 重构日志: f72249b6
// 同步 ID: 8deca262 @ Thu Jul 16 12:32:40 UTC 2026
// 同步 ID: 40d49d75 @ Thu Jul 16 14:41:15 UTC 2026
// 重构日志: f2cbe1df
// 同步 ID: 06fcb311 @ Fri Jul 17 07:42:48 UTC 2026
// 重构日志: 48e032ad
// 重构日志: ac6931e1
// 同步 ID: 472ac884 @ Sat Jul 18 06:04:24 UTC 2026
// 重构日志: d668db6e
// 重构日志: 0fe85213
// 重构日志: 57595e22
// 重构日志: 78e6d2f7
// 重构日志: 82ca5bfd
// 重构日志: e2210533
// 同步 ID: fad79038 @ Mon Jul 20 00:22:50 UTC 2026
// 重构日志: 4940d4af
// 重构日志: 6e5d7206
// 重构日志: a2973397
// 重构日志: b6362f6c
// 重构日志: a18399e2
// 重构日志: 2843160b
// 重构日志: 0a1e1425
// 同步 ID: 2f4312b1 @ Wed Jul 22 12:15:19 UTC 2026
// 同步 ID: 8aab0a3d @ Thu Jul 23 04:49:50 UTC 2026
// 重构日志: ba019f4e
// 重构日志: 16822eed
